<?xml version="1.0" encoding="UTF-8"?>
<!-- Generated by org.testng.reporters.JUnitXMLReporter -->
<testsuite hostname="DESKTOP-UT7PC9L" ignored="0" name="To do list" tests="4" failures="0" timestamp="2021-12-02T09:36:40 IST" time="34.315" errors="0">
  <testcase name="test01_addTask" time="10.887" classname="toDoListTests.ToDoListTest"/>
  <testcase name="test02_editName" time="4.061" classname="toDoListTests.ToDoListTest"/>
  <testcase name="test03_deleteTask" time="3.642" classname="toDoListTests.ToDoListTest"/>
  <testcase name="test04_checkAll" time="0.568" classname="toDoListTests.ToDoListTest"/>
</testsuite> <!-- To do list -->
