<?xml version="1.0" encoding="UTF-8"?>
<testsuite xmlns:xsi="http://www.w3.org/2001/XMLSchema-instance" xsi:noNamespaceSchemaLocation="https://maven.apache.org/surefire/maven-surefire-plugin/xsd/surefire-test-report.xsd" name="TestSuite" time="90.468" tests="5" errors="0" skipped="0" failures="2">
  <properties>
[...]
</properties>
  <testcase name="test01_loginToGrafana" classname="grafanaTests.grafanaWebTest" time="7.008"/>
  <testcase name="test02_addNewUser" classname="grafanaTests.grafanaWebTest" time="8.449"/>
  <testcase name="test03_deleteNewUser" classname="grafanaTests.grafanaWebTest" time="13.062"/>
  <testcase name="test04_addNewDashboard" classname="grafanaTests.grafanaWebTest" time="7.573">
    <failure message="element click intercepted: Element &lt;div aria-label=&quot;Add new panel&quot;&gt;...&lt;/div&gt; is not clickable at point (194, 175). Other element would receive the click: &lt;a class=&quot;css-1j1rze6&quot; href=&quot;/dashboard/new&quot;&gt;...&lt;/a&gt;&#10;  (Session info: chrome=96.0.4664.45)&#10;Build info: version: &apos;3.141.59&apos;, revision: &apos;e82be7d358&apos;, time: &apos;2018-11-14T08:17:03&apos;&#10;System info: host: &apos;DESKTOP-UT7PC9L&apos;, ip: &apos;10.215.130.222&apos;, os.name: &apos;Windows 10&apos;, os.arch: &apos;amd64&apos;, os.version: &apos;10.0&apos;, java.version: &apos;1.8.0_111&apos;&#10;Driver info: org.openqa.selenium.chrome.ChromeDriver&#10;Capabilities {acceptInsecureCerts: false, browserName: chrome, browserVersion: 96.0.4664.45, chrome: {chromedriverVersion: 96.0.4664.45 (76e4c1bb2ab46..., userDataDir: C:\Windows\TEMP\scoped_dir3...}, goog:chromeOptions: {debuggerAddress: localhost:53901}, javascriptEnabled: true, networkConnectionEnabled: false, pageLoadStrategy: normal, platform: WINDOWS, platformName: WINDOWS, proxy: Proxy(), setWindowRect: true, strictFileInteractability: false, timeouts: {implicit: 0, pageLoad: 300000, script: 30000}, unhandledPromptBehavior: dismiss and notify, webauthn:extension:credBlob: true, webauthn:extension:largeBlob: true, webauthn:virtualAuthenticators: true}&#10;Session ID: 070d157f6b81cf467b70b613ecbfd571" type="org.openqa.selenium.ElementClickInterceptedException"><![CDATA[org.openqa.selenium.ElementClickInterceptedException: 
element click intercepted: Element <div aria-label="Add new panel">...</div> is not clickable at point (194, 175). Other element would receive the click: <a class="css-1j1rze6" href="/dashboard/new">...</a>
  (Session info: chrome=96.0.4664.45)
Build info: version: '3.141.59', revision: 'e82be7d358', time: '2018-11-14T08:17:03'
System info: host: 'DESKTOP-UT7PC9L', ip: '10.215.130.222', os.name: 'Windows 10', os.arch: 'amd64', os.version: '10.0', java.version: '1.8.0_111'
Driver info: org.openqa.selenium.chrome.ChromeDriver
Capabilities {acceptInsecureCerts: false, browserName: chrome, browserVersion: 96.0.4664.45, chrome: {chromedriverVersion: 96.0.4664.45 (76e4c1bb2ab46..., userDataDir: C:\Windows\TEMP\scoped_dir3...}, goog:chromeOptions: {debuggerAddress: localhost:53901}, javascriptEnabled: true, networkConnectionEnabled: false, pageLoadStrategy: normal, platform: WINDOWS, platformName: WINDOWS, proxy: Proxy(), setWindowRect: true, strictFileInteractability: false, timeouts: {implicit: 0, pageLoad: 300000, script: 30000}, unhandledPromptBehavior: dismiss and notify, webauthn:extension:credBlob: true, webauthn:extension:largeBlob: true, webauthn:virtualAuthenticators: true}
Session ID: 070d157f6b81cf467b70b613ecbfd571
	at grafanaTests.grafanaWebTest.test04_addNewDashboard(grafanaWebTest.java:30)
]]></failure>
    <system-out><![CDATA[------------------Starting Test: test04_addNewDashboard-------------------------
Recorded Screen Cast File is Now Created
------------------Failure Test: test04_addNewDashboard-------------------------
Recorded Screen Cast File Stop Recording
]]></system-out>
    <system-err><![CDATA[[main] ERROR io.qameta.allure.AllureLifecycle - Could not add attachment: no test is running
]]></system-err>
  </testcase>
  <testcase name="test05_checkPlugins" classname="grafanaTests.grafanaWebTest" time="14.81">
    <failure message="D:\bal\Hackathon\Hackathon\SikuliPictures\mySql.PNG: (0x0) in R[0,0 1024x768]@S(0)" type="org.sikuli.script.FindFailed">org.sikuli.script.FindFailed: D:\bal\Hackathon\Hackathon\SikuliPictures\mySql.PNG: (0x0) in R[0,0 1024x768]@S(0)
	at grafanaTests.grafanaWebTest.test05_checkPlugins(grafanaWebTest.java:35)
</failure>
    <system-out><![CDATA[------------------Starting Test: test05_checkPlugins-------------------------
Recorded Screen Cast File is Now Created
[error] ImagePath: find: File does not exist: D:\bal\Hackathon\Hackathon\SikuliPictures\mySql.PNG
------------------Failure Test: test05_checkPlugins-------------------------
Recorded Screen Cast File Stop Recording
]]></system-out>
    <system-err><![CDATA[[main] ERROR io.qameta.allure.AllureLifecycle - Could not add attachment: no test is running
]]></system-err>
  </testcase>
</testsuite>